<?xml version="1.0" encoding="UTF-8"?>
<!-- Generated by org.testng.reporters.JUnitReportReporter -->
<testsuite hostname="DESKTOP-562FEQU" name="SeleniumAcademy.MavenJava.SeleniumTest" tests="2" failures="0" timestamp="16 Sep 2020 07:14:49 GMT" time="0.016" errors="0">
  <testcase name="BrowserTesting" time="0.016" classname="SeleniumAcademy.MavenJava.SeleniumTest"/>
  <testcase name="WebApplicationTest" time="0.000" classname="SeleniumAcademy.MavenJava.SeleniumTest"/>
</testsuite> <!-- SeleniumAcademy.MavenJava.SeleniumTest -->
