<?xml version="1.0" encoding="UTF-8"?>
<!-- Generated by org.testng.reporters.JUnitReportReporter -->
<testsuite hostname="DESKTOP-562FEQU" name="SeleniumAcademy.MavenJava.AppiumTest" tests="2" failures="0" timestamp="16 Sep 2020 04:51:30 GMT" time="0.061" errors="0">
  <testcase name="MObileTesting" time="0.055" classname="SeleniumAcademy.MavenJava.AppiumTest"/>
  <testcase name="MobileApplication" time="0.006" classname="SeleniumAcademy.MavenJava.AppiumTest"/>
</testsuite> <!-- SeleniumAcademy.MavenJava.AppiumTest -->
