<?xml version="1.0" encoding="UTF-8"?>
<!-- Generated by org.testng.reporters.JUnitReportReporter -->
<testsuite hostname="DESKTOP-562FEQU" name="SeleniumAcademy.MavenJava.APITest" tests="2" failures="0" timestamp="15 Sep 2020 12:46:06 GMT" time="0.031" errors="0">
  <testcase name="SoftwareTesting" time="0.015" classname="SeleniumAcademy.MavenJava.APITest"/>
  <testcase name="ApplicationAutomation" time="0.016" classname="SeleniumAcademy.MavenJava.APITest"/>
</testsuite> <!-- SeleniumAcademy.MavenJava.APITest -->
