<?xml version="1.0" encoding="UTF-8"?>
<!-- Generated by org.testng.reporters.JUnitReportReporter -->
<testsuite hostname="DESKTOP-562FEQU" name="SeleniumAcademy.MavenJava.SeleniumTest" tests="2" failures="0" timestamp="25 Sep 2020 08:57:08 GMT" time="0.031" errors="0">
  <testcase name="BrowserTesting" time="0.031" classname="SeleniumAcademy.MavenJava.SeleniumTest"/>
  <testcase name="WebApplicationTest" time="0.000" classname="SeleniumAcademy.MavenJava.SeleniumTest"/>
</testsuite> <!-- SeleniumAcademy.MavenJava.SeleniumTest -->
