<?xml version="1.0" encoding="UTF-8"?>
<!-- Generated by org.testng.reporters.JUnitReportReporter -->
<testsuite hostname="DESKTOP-562FEQU" name="SeleniumAcademy.MavenJava.APITest" tests="2" failures="0" timestamp="25 Sep 2020 08:40:23 GMT" time="0.008" errors="0">
  <testcase name="ApplicationAutomation" time="0.008" classname="SeleniumAcademy.MavenJava.APITest"/>
  <testcase name="SoftwareTesting" time="0.000" classname="SeleniumAcademy.MavenJava.APITest"/>
</testsuite> <!-- SeleniumAcademy.MavenJava.APITest -->
