<?xml version="1.0" encoding="UTF-8"?>
<!-- Generated by org.testng.reporters.JUnitReportReporter -->
<testsuite hostname="DESKTOP-562FEQU" name="SeleniumAcademy.MavenJava.AppiumTest" tests="2" failures="0" timestamp="25 Sep 2020 08:57:08 GMT" time="0.000" errors="0">
  <testcase name="MobileApplication" time="0.000" classname="SeleniumAcademy.MavenJava.AppiumTest"/>
  <testcase name="MObileTesting" time="0.000" classname="SeleniumAcademy.MavenJava.AppiumTest"/>
</testsuite> <!-- SeleniumAcademy.MavenJava.AppiumTest -->
